
*****************************************
Setting OMP_NUM_THREADS environment variable for each process to be 1 in default, to avoid your system being overloaded, please further tune the variable for optimal performance in your application as needed. 
*****************************************
2026-06-30 20:16:22.579 | DEBUG    | cosmos_framework.utils.config:_load_py_config:568 - get_config_module: took 0.25ms
2026-06-30 20:16:22.579 | DEBUG    | cosmos_framework.utils.config:_load_py_config:568 - get_config_module: took 0.04ms
2026-06-30 20:16:22.580 | DEBUG    | cosmos_framework.utils.config:_load_py_config:568 - get_config_module: took 0.04ms
2026-06-30 20:16:22.581 | DEBUG    | cosmos_framework.utils.config:_load_py_config:568 - get_config_module: took 0.04ms
2026-06-30 20:16:28.123 | DEBUG    | cosmos_framework.utils.config:_load_py_config:573 - importlib.import_module: took 5542.47ms
2026-06-30 20:16:28.123 | DEBUG    | cosmos_framework.utils.config:_load_py_config:573 - importlib.import_module: took 5542.69ms
2026-06-30 20:16:28.123 | DEBUG    | cosmos_framework.utils.config:_load_py_config:573 - importlib.import_module: took 5543.84ms
2026-06-30 20:16:28.123 | DEBUG    | cosmos_framework.utils.config:_load_py_config:573 - importlib.import_module: took 5543.85ms
2026-06-30 20:16:28.442 | DEBUG    | cosmos_framework.utils.config:_load_py_config:578 - override: took 318.68ms
2026-06-30 20:16:28.442 | DEBUG    | cosmos_framework.utils.config:load_config:553 - total time to load config: 5861.59ms
2026-06-30 20:16:28.442 | DEBUG    | cosmos_framework.utils.config:_load_py_config:578 - override: took 318.82ms
2026-06-30 20:16:28.442 | DEBUG    | cosmos_framework.utils.config:load_config:553 - total time to load config: 5863.30ms
2026-06-30 20:16:28.444 | DEBUG    | cosmos_framework.utils.config:_load_py_config:578 - override: took 320.29ms
2026-06-30 20:16:28.444 | DEBUG    | cosmos_framework.utils.config:load_config:553 - total time to load config: 5864.58ms
2026-06-30 20:16:28.444 | DEBUG    | cosmos_framework.utils.config:_load_py_config:578 - override: took 320.67ms
2026-06-30 20:16:28.444 | DEBUG    | cosmos_framework.utils.config:load_config:553 - total time to load config: 5863.82ms
Config is saved using pickle at /project/peilab/wam/cosmos3_cy/reports/cosmos3_piper14/cosmos3_action/battery_piper14/battery_piper14_cosmos3_nano_20000step_4gpu_b8_acc1_offline/config.pkl.
Config is saved using omegaconf at /project/peilab/wam/cosmos3_cy/reports/cosmos3_piper14/cosmos3_action/battery_piper14/battery_piper14_cosmos3_nano_20000step_4gpu_b8_acc1_offline/config.yaml.
/project/peilab/wam/cosmos3_cy/external/cosmos/packages/cosmos3/.venv/lib/python3.13/site-packages/torch/distributed/c10d_logger.py:83: UserWarning: barrier(): using the device under current context. You can specify `device_id` in `init_process_group` to mute this warning.
  return func(*args, **kwargs)
[rank2]:W0630 20:16:34.775000 1483013 external/cosmos/packages/cosmos3/.venv/lib/python3.13/site-packages/torch/distributed/tensor/_random.py:215] DTensor is synchronizing RNG states of every rank with the state from rank 0. This behavior is deprecated. Please call `torch.manual_seed()` on every rank that participates in SPMD DTensor Operations with the same seed. If using Pipeline Parallelism, each pipeling state would use a different seed, but all ranks belonging to one pipeline stage would use the same seed.
[rank1]:W0630 20:16:34.775000 1483012 external/cosmos/packages/cosmos3/.venv/lib/python3.13/site-packages/torch/distributed/tensor/_random.py:215] DTensor is synchronizing RNG states of every rank with the state from rank 0. This behavior is deprecated. Please call `torch.manual_seed()` on every rank that participates in SPMD DTensor Operations with the same seed. If using Pipeline Parallelism, each pipeling state would use a different seed, but all ranks belonging to one pipeline stage would use the same seed.
[rank3]:W0630 20:16:34.775000 1483014 external/cosmos/packages/cosmos3/.venv/lib/python3.13/site-packages/torch/distributed/tensor/_random.py:215] DTensor is synchronizing RNG states of every rank with the state from rank 0. This behavior is deprecated. Please call `torch.manual_seed()` on every rank that participates in SPMD DTensor Operations with the same seed. If using Pipeline Parallelism, each pipeling state would use a different seed, but all ranks belonging to one pipeline stage would use the same seed.
/project/peilab/wam/cosmos3_cy/external/cosmos/packages/cosmos3/.venv/lib/python3.13/site-packages/torch/distributed/c10d_logger.py:83: UserWarning: barrier(): using the device under current context. You can specify `device_id` in `init_process_group` to mute this warning.
  return func(*args, **kwargs)
Config is saved using omegaconf at /project/peilab/wam/cosmos3_cy/reports/cosmos3_piper14/cosmos3_action/battery_piper14/battery_piper14_cosmos3_nano_20000step_4gpu_b8_acc1_offline/config.yaml.
wandb: WARNING `resume` will be ignored since W&B syncing is set to `offline`. Starting a new run with run id sln7b3al.
wandb: Tracking run with wandb version 0.25.0
wandb: W&B syncing is set to `offline` in this directory. Run `wandb online` or set WANDB_MODE=online to enable cloud syncing.
wandb: Run data is saved locally in /project/peilab/wam/cosmos3_cy/reports/cosmos3_piper14/cosmos3_action/battery_piper14/battery_piper14_cosmos3_nano_20000step_4gpu_b8_acc1_offline/wandb/offline-run-20260630_201716-sln7b3al
/project/peilab/wam/cosmos3_cy/external/cosmos/packages/cosmos3/.venv/lib/python3.13/site-packages/torch/distributed/c10d_logger.py:83: UserWarning: barrier(): using the device under current context. You can specify `device_id` in `init_process_group` to mute this warning.
  return func(*args, **kwargs)
/project/peilab/wam/cosmos3_cy/external/cosmos/packages/cosmos3/.venv/lib/python3.13/site-packages/torch/distributed/c10d_logger.py:83: UserWarning: barrier(): using the device under current context. You can specify `device_id` in `init_process_group` to mute this warning.
  return func(*args, **kwargs)
/project/peilab/wam/cosmos3_cy/external/cosmos/packages/cosmos3/.venv/lib/python3.13/site-packages/torch/distributed/c10d_logger.py:83: UserWarning: barrier(): using the device under current context. You can specify `device_id` in `init_process_group` to mute this warning.
  return func(*args, **kwargs)
/project/peilab/wam/cosmos3_cy/external/cosmos/packages/cosmos3/.venv/lib/python3.13/site-packages/torch/distributed/c10d_logger.py:83: UserWarning: barrier(): using the device under current context. You can specify `device_id` in `init_process_group` to mute this warning.
  return func(*args, **kwargs)
/project/peilab/wam/cosmos3_cy/external/cosmos/packages/cosmos3/.venv/lib/python3.13/site-packages/torch/distributed/c10d_logger.py:83: UserWarning: barrier(): using the device under current context. You can specify `device_id` in `init_process_group` to mute this warning.
  return func(*args, **kwargs)
/project/peilab/wam/cosmos3_cy/external/cosmos/packages/cosmos3/.venv/lib/python3.13/site-packages/torch/distributed/c10d_logger.py:83: UserWarning: barrier(): using the device under current context. You can specify `device_id` in `init_process_group` to mute this warning.
  return func(*args, **kwargs)
/project/peilab/wam/cosmos3_cy/external/cosmos/packages/cosmos3/.venv/lib/python3.13/site-packages/torch/distributed/c10d_logger.py:83: UserWarning: barrier(): using the device under current context. You can specify `device_id` in `init_process_group` to mute this warning.
  return func(*args, **kwargs)
/project/peilab/wam/cosmos3_cy/external/cosmos/packages/cosmos3/.venv/lib/python3.13/site-packages/torch/distributed/c10d_logger.py:83: UserWarning: barrier(): using the device under current context. You can specify `device_id` in `init_process_group` to mute this warning.
  return func(*args, **kwargs)
/project/peilab/wam/cosmos3_cy/external/cosmos/packages/cosmos3/.venv/lib/python3.13/site-packages/torch/distributed/c10d_logger.py:83: UserWarning: barrier(): using the device under current context. You can specify `device_id` in `init_process_group` to mute this warning.
  return func(*args, **kwargs)
/project/peilab/wam/cosmos3_cy/external/cosmos/packages/cosmos3/.venv/lib/python3.13/site-packages/torch/distributed/c10d_logger.py:83: UserWarning: barrier(): using the device under current context. You can specify `device_id` in `init_process_group` to mute this warning.
  return func(*args, **kwargs)
/project/peilab/wam/cosmos3_cy/external/cosmos/packages/cosmos3/.venv/lib/python3.13/site-packages/torch/distributed/c10d_logger.py:83: UserWarning: barrier(): using the device under current context. You can specify `device_id` in `init_process_group` to mute this warning.
  return func(*args, **kwargs)
/project/peilab/wam/cosmos3_cy/external/cosmos/packages/cosmos3/.venv/lib/python3.13/site-packages/torch/distributed/c10d_logger.py:83: UserWarning: barrier(): using the device under current context. You can specify `device_id` in `init_process_group` to mute this warning.
  return func(*args, **kwargs)
/project/peilab/wam/cosmos3_cy/external/cosmos/packages/cosmos3/.venv/lib/python3.13/site-packages/torch/distributed/c10d_logger.py:83: UserWarning: barrier(): using the device under current context. You can specify `device_id` in `init_process_group` to mute this warning.
  return func(*args, **kwargs)
/project/peilab/wam/cosmos3_cy/external/cosmos/packages/cosmos3/.venv/lib/python3.13/site-packages/torch/distributed/c10d_logger.py:83: UserWarning: barrier(): using the device under current context. You can specify `device_id` in `init_process_group` to mute this warning.
  return func(*args, **kwargs)
/project/peilab/wam/cosmos3_cy/external/cosmos/packages/cosmos3/.venv/lib/python3.13/site-packages/torch/distributed/c10d_logger.py:83: UserWarning: barrier(): using the device under current context. You can specify `device_id` in `init_process_group` to mute this warning.
  return func(*args, **kwargs)
/project/peilab/wam/cosmos3_cy/external/cosmos/packages/cosmos3/.venv/lib/python3.13/site-packages/torch/distributed/c10d_logger.py:83: UserWarning: barrier(): using the device under current context. You can specify `device_id` in `init_process_group` to mute this warning.
  return func(*args, **kwargs)
/project/peilab/wam/cosmos3_cy/external/cosmos/packages/cosmos3/.venv/lib/python3.13/site-packages/torch/distributed/c10d_logger.py:83: UserWarning: barrier(): using the device under current context. You can specify `device_id` in `init_process_group` to mute this warning.
  return func(*args, **kwargs)
/project/peilab/wam/cosmos3_cy/external/cosmos/packages/cosmos3/.venv/lib/python3.13/site-packages/torch/distributed/c10d_logger.py:83: UserWarning: barrier(): using the device under current context. You can specify `device_id` in `init_process_group` to mute this warning.
  return func(*args, **kwargs)
/project/peilab/wam/cosmos3_cy/external/cosmos/packages/cosmos3/.venv/lib/python3.13/site-packages/torch/distributed/c10d_logger.py:83: UserWarning: barrier(): using the device under current context. You can specify `device_id` in `init_process_group` to mute this warning.
  return func(*args, **kwargs)
/project/peilab/wam/cosmos3_cy/external/cosmos/packages/cosmos3/.venv/lib/python3.13/site-packages/torch/distributed/c10d_logger.py:83: UserWarning: barrier(): using the device under current context. You can specify `device_id` in `init_process_group` to mute this warning.
  return func(*args, **kwargs)
/project/peilab/wam/cosmos3_cy/external/cosmos/packages/cosmos3/.venv/lib/python3.13/site-packages/torch/distributed/c10d_logger.py:83: UserWarning: barrier(): using the device under current context. You can specify `device_id` in `init_process_group` to mute this warning.
  return func(*args, **kwargs)
/project/peilab/wam/cosmos3_cy/external/cosmos/packages/cosmos3/.venv/lib/python3.13/site-packages/torch/distributed/c10d_logger.py:83: UserWarning: barrier(): using the device under current context. You can specify `device_id` in `init_process_group` to mute this warning.
  return func(*args, **kwargs)
/project/peilab/wam/cosmos3_cy/external/cosmos/packages/cosmos3/.venv/lib/python3.13/site-packages/torch/distributed/c10d_logger.py:83: UserWarning: barrier(): using the device under current context. You can specify `device_id` in `init_process_group` to mute this warning.
  return func(*args, **kwargs)
/project/peilab/wam/cosmos3_cy/external/cosmos/packages/cosmos3/.venv/lib/python3.13/site-packages/torch/distributed/c10d_logger.py:83: UserWarning: barrier(): using the device under current context. You can specify `device_id` in `init_process_group` to mute this warning.
  return func(*args, **kwargs)
/project/peilab/wam/cosmos3_cy/external/cosmos/packages/cosmos3/.venv/lib/python3.13/site-packages/torch/distributed/c10d_logger.py:83: UserWarning: barrier(): using the device under current context. You can specify `device_id` in `init_process_group` to mute this warning.
  return func(*args, **kwargs)
/project/peilab/wam/cosmos3_cy/external/cosmos/packages/cosmos3/.venv/lib/python3.13/site-packages/torch/distributed/c10d_logger.py:83: UserWarning: barrier(): using the device under current context. You can specify `device_id` in `init_process_group` to mute this warning.
  return func(*args, **kwargs)
/project/peilab/wam/cosmos3_cy/external/cosmos/packages/cosmos3/.venv/lib/python3.13/site-packages/torch/distributed/c10d_logger.py:83: UserWarning: barrier(): using the device under current context. You can specify `device_id` in `init_process_group` to mute this warning.
  return func(*args, **kwargs)
/project/peilab/wam/cosmos3_cy/external/cosmos/packages/cosmos3/.venv/lib/python3.13/site-packages/torch/distributed/c10d_logger.py:83: UserWarning: barrier(): using the device under current context. You can specify `device_id` in `init_process_group` to mute this warning.
  return func(*args, **kwargs)
/project/peilab/wam/cosmos3_cy/external/cosmos/packages/cosmos3/.venv/lib/python3.13/site-packages/torch/distributed/c10d_logger.py:83: UserWarning: barrier(): using the device under current context. You can specify `device_id` in `init_process_group` to mute this warning.
  return func(*args, **kwargs)
/project/peilab/wam/cosmos3_cy/external/cosmos/packages/cosmos3/.venv/lib/python3.13/site-packages/torch/distributed/c10d_logger.py:83: UserWarning: barrier(): using the device under current context. You can specify `device_id` in `init_process_group` to mute this warning.
  return func(*args, **kwargs)
/project/peilab/wam/cosmos3_cy/external/cosmos/packages/cosmos3/.venv/lib/python3.13/site-packages/torch/distributed/c10d_logger.py:83: UserWarning: barrier(): using the device under current context. You can specify `device_id` in `init_process_group` to mute this warning.
  return func(*args, **kwargs)
/project/peilab/wam/cosmos3_cy/external/cosmos/packages/cosmos3/.venv/lib/python3.13/site-packages/torch/distributed/c10d_logger.py:83: UserWarning: barrier(): using the device under current context. You can specify `device_id` in `init_process_group` to mute this warning.
  return func(*args, **kwargs)
/project/peilab/wam/cosmos3_cy/external/cosmos/packages/cosmos3/.venv/lib/python3.13/site-packages/torch/distributed/c10d_logger.py:83: UserWarning: barrier(): using the device under current context. You can specify `device_id` in `init_process_group` to mute this warning.
  return func(*args, **kwargs)
/project/peilab/wam/cosmos3_cy/external/cosmos/packages/cosmos3/.venv/lib/python3.13/site-packages/torch/distributed/c10d_logger.py:83: UserWarning: barrier(): using the device under current context. You can specify `device_id` in `init_process_group` to mute this warning.
  return func(*args, **kwargs)
/project/peilab/wam/cosmos3_cy/external/cosmos/packages/cosmos3/.venv/lib/python3.13/site-packages/torch/distributed/c10d_logger.py:83: UserWarning: barrier(): using the device under current context. You can specify `device_id` in `init_process_group` to mute this warning.
  return func(*args, **kwargs)
/project/peilab/wam/cosmos3_cy/external/cosmos/packages/cosmos3/.venv/lib/python3.13/site-packages/torch/distributed/c10d_logger.py:83: UserWarning: barrier(): using the device under current context. You can specify `device_id` in `init_process_group` to mute this warning.
  return func(*args, **kwargs)
/project/peilab/wam/cosmos3_cy/external/cosmos/packages/cosmos3/.venv/lib/python3.13/site-packages/torch/distributed/c10d_logger.py:83: UserWarning: barrier(): using the device under current context. You can specify `device_id` in `init_process_group` to mute this warning.
  return func(*args, **kwargs)
/project/peilab/wam/cosmos3_cy/external/cosmos/packages/cosmos3/.venv/lib/python3.13/site-packages/torch/distributed/c10d_logger.py:83: UserWarning: barrier(): using the device under current context. You can specify `device_id` in `init_process_group` to mute this warning.
  return func(*args, **kwargs)
/project/peilab/wam/cosmos3_cy/external/cosmos/packages/cosmos3/.venv/lib/python3.13/site-packages/torch/distributed/c10d_logger.py:83: UserWarning: barrier(): using the device under current context. You can specify `device_id` in `init_process_group` to mute this warning.
  return func(*args, **kwargs)
/project/peilab/wam/cosmos3_cy/external/cosmos/packages/cosmos3/.venv/lib/python3.13/site-packages/torch/distributed/c10d_logger.py:83: UserWarning: barrier(): using the device under current context. You can specify `device_id` in `init_process_group` to mute this warning.
  return func(*args, **kwargs)
/project/peilab/wam/cosmos3_cy/external/cosmos/packages/cosmos3/.venv/lib/python3.13/site-packages/torch/distributed/c10d_logger.py:83: UserWarning: barrier(): using the device under current context. You can specify `device_id` in `init_process_group` to mute this warning.
  return func(*args, **kwargs)
/project/peilab/wam/cosmos3_cy/external/cosmos/packages/cosmos3/.venv/lib/python3.13/site-packages/torch/distributed/c10d_logger.py:83: UserWarning: barrier(): using the device under current context. You can specify `device_id` in `init_process_group` to mute this warning.
  return func(*args, **kwargs)
/project/peilab/wam/cosmos3_cy/external/cosmos/packages/cosmos3/.venv/lib/python3.13/site-packages/torch/distributed/c10d_logger.py:83: UserWarning: barrier(): using the device under current context. You can specify `device_id` in `init_process_group` to mute this warning.
  return func(*args, **kwargs)
/project/peilab/wam/cosmos3_cy/external/cosmos/packages/cosmos3/.venv/lib/python3.13/site-packages/torch/distributed/c10d_logger.py:83: UserWarning: barrier(): using the device under current context. You can specify `device_id` in `init_process_group` to mute this warning.
  return func(*args, **kwargs)
/project/peilab/wam/cosmos3_cy/external/cosmos/packages/cosmos3/.venv/lib/python3.13/site-packages/torch/distributed/c10d_logger.py:83: UserWarning: barrier(): using the device under current context. You can specify `device_id` in `init_process_group` to mute this warning.
  return func(*args, **kwargs)
/project/peilab/wam/cosmos3_cy/external/cosmos/packages/cosmos3/.venv/lib/python3.13/site-packages/torch/distributed/c10d_logger.py:83: UserWarning: barrier(): using the device under current context. You can specify `device_id` in `init_process_group` to mute this warning.
  return func(*args, **kwargs)
/project/peilab/wam/cosmos3_cy/external/cosmos/packages/cosmos3/.venv/lib/python3.13/site-packages/torch/distributed/c10d_logger.py:83: UserWarning: barrier(): using the device under current context. You can specify `device_id` in `init_process_group` to mute this warning.
  return func(*args, **kwargs)
/project/peilab/wam/cosmos3_cy/external/cosmos/packages/cosmos3/.venv/lib/python3.13/site-packages/torch/distributed/c10d_logger.py:83: UserWarning: barrier(): using the device under current context. You can specify `device_id` in `init_process_group` to mute this warning.
  return func(*args, **kwargs)
/project/peilab/wam/cosmos3_cy/external/cosmos/packages/cosmos3/.venv/lib/python3.13/site-packages/torch/distributed/c10d_logger.py:83: UserWarning: barrier(): using the device under current context. You can specify `device_id` in `init_process_group` to mute this warning.
  return func(*args, **kwargs)
/project/peilab/wam/cosmos3_cy/external/cosmos/packages/cosmos3/.venv/lib/python3.13/site-packages/torch/distributed/c10d_logger.py:83: UserWarning: barrier(): using the device under current context. You can specify `device_id` in `init_process_group` to mute this warning.
  return func(*args, **kwargs)
/project/peilab/wam/cosmos3_cy/external/cosmos/packages/cosmos3/.venv/lib/python3.13/site-packages/torch/distributed/c10d_logger.py:83: UserWarning: barrier(): using the device under current context. You can specify `device_id` in `init_process_group` to mute this warning.
  return func(*args, **kwargs)
/project/peilab/wam/cosmos3_cy/external/cosmos/packages/cosmos3/.venv/lib/python3.13/site-packages/torch/distributed/c10d_logger.py:83: UserWarning: barrier(): using the device under current context. You can specify `device_id` in `init_process_group` to mute this warning.
  return func(*args, **kwargs)
/project/peilab/wam/cosmos3_cy/external/cosmos/packages/cosmos3/.venv/lib/python3.13/site-packages/torch/distributed/c10d_logger.py:83: UserWarning: barrier(): using the device under current context. You can specify `device_id` in `init_process_group` to mute this warning.
  return func(*args, **kwargs)
/project/peilab/wam/cosmos3_cy/external/cosmos/packages/cosmos3/.venv/lib/python3.13/site-packages/torch/distributed/c10d_logger.py:83: UserWarning: barrier(): using the device under current context. You can specify `device_id` in `init_process_group` to mute this warning.
  return func(*args, **kwargs)
/project/peilab/wam/cosmos3_cy/external/cosmos/packages/cosmos3/.venv/lib/python3.13/site-packages/torch/distributed/c10d_logger.py:83: UserWarning: barrier(): using the device under current context. You can specify `device_id` in `init_process_group` to mute this warning.
  return func(*args, **kwargs)
/project/peilab/wam/cosmos3_cy/external/cosmos/packages/cosmos3/.venv/lib/python3.13/site-packages/torch/distributed/c10d_logger.py:83: UserWarning: barrier(): using the device under current context. You can specify `device_id` in `init_process_group` to mute this warning.
  return func(*args, **kwargs)
/project/peilab/wam/cosmos3_cy/external/cosmos/packages/cosmos3/.venv/lib/python3.13/site-packages/torch/distributed/c10d_logger.py:83: UserWarning: barrier(): using the device under current context. You can specify `device_id` in `init_process_group` to mute this warning.
  return func(*args, **kwargs)
/project/peilab/wam/cosmos3_cy/external/cosmos/packages/cosmos3/.venv/lib/python3.13/site-packages/torch/distributed/c10d_logger.py:83: UserWarning: barrier(): using the device under current context. You can specify `device_id` in `init_process_group` to mute this warning.
  return func(*args, **kwargs)
/project/peilab/wam/cosmos3_cy/external/cosmos/packages/cosmos3/.venv/lib/python3.13/site-packages/torch/distributed/c10d_logger.py:83: UserWarning: barrier(): using the device under current context. You can specify `device_id` in `init_process_group` to mute this warning.
  return func(*args, **kwargs)
/project/peilab/wam/cosmos3_cy/external/cosmos/packages/cosmos3/.venv/lib/python3.13/site-packages/torch/distributed/c10d_logger.py:83: UserWarning: barrier(): using the device under current context. You can specify `device_id` in `init_process_group` to mute this warning.
  return func(*args, **kwargs)
/project/peilab/wam/cosmos3_cy/external/cosmos/packages/cosmos3/.venv/lib/python3.13/site-packages/torch/distributed/c10d_logger.py:83: UserWarning: barrier(): using the device under current context. You can specify `device_id` in `init_process_group` to mute this warning.
  return func(*args, **kwargs)
/project/peilab/wam/cosmos3_cy/external/cosmos/packages/cosmos3/.venv/lib/python3.13/site-packages/torch/distributed/c10d_logger.py:83: UserWarning: barrier(): using the device under current context. You can specify `device_id` in `init_process_group` to mute this warning.
  return func(*args, **kwargs)
/project/peilab/wam/cosmos3_cy/external/cosmos/packages/cosmos3/.venv/lib/python3.13/site-packages/torch/distributed/c10d_logger.py:83: UserWarning: barrier(): using the device under current context. You can specify `device_id` in `init_process_group` to mute this warning.
  return func(*args, **kwargs)
/project/peilab/wam/cosmos3_cy/external/cosmos/packages/cosmos3/.venv/lib/python3.13/site-packages/torch/distributed/c10d_logger.py:83: UserWarning: barrier(): using the device under current context. You can specify `device_id` in `init_process_group` to mute this warning.
  return func(*args, **kwargs)
/project/peilab/wam/cosmos3_cy/external/cosmos/packages/cosmos3/.venv/lib/python3.13/site-packages/torch/distributed/c10d_logger.py:83: UserWarning: barrier(): using the device under current context. You can specify `device_id` in `init_process_group` to mute this warning.
  return func(*args, **kwargs)
/project/peilab/wam/cosmos3_cy/external/cosmos/packages/cosmos3/.venv/lib/python3.13/site-packages/torch/distributed/c10d_logger.py:83: UserWarning: barrier(): using the device under current context. You can specify `device_id` in `init_process_group` to mute this warning.
  return func(*args, **kwargs)
/project/peilab/wam/cosmos3_cy/external/cosmos/packages/cosmos3/.venv/lib/python3.13/site-packages/torch/distributed/c10d_logger.py:83: UserWarning: barrier(): using the device under current context. You can specify `device_id` in `init_process_group` to mute this warning.
  return func(*args, **kwargs)
/project/peilab/wam/cosmos3_cy/external/cosmos/packages/cosmos3/.venv/lib/python3.13/site-packages/torch/distributed/c10d_logger.py:83: UserWarning: barrier(): using the device under current context. You can specify `device_id` in `init_process_group` to mute this warning.
  return func(*args, **kwargs)
/project/peilab/wam/cosmos3_cy/external/cosmos/packages/cosmos3/.venv/lib/python3.13/site-packages/torch/distributed/c10d_logger.py:83: UserWarning: barrier(): using the device under current context. You can specify `device_id` in `init_process_group` to mute this warning.
  return func(*args, **kwargs)
/project/peilab/wam/cosmos3_cy/external/cosmos/packages/cosmos3/.venv/lib/python3.13/site-packages/torch/distributed/c10d_logger.py:83: UserWarning: barrier(): using the device under current context. You can specify `device_id` in `init_process_group` to mute this warning.
  return func(*args, **kwargs)
/project/peilab/wam/cosmos3_cy/external/cosmos/packages/cosmos3/.venv/lib/python3.13/site-packages/torch/distributed/c10d_logger.py:83: UserWarning: barrier(): using the device under current context. You can specify `device_id` in `init_process_group` to mute this warning.
  return func(*args, **kwargs)
/project/peilab/wam/cosmos3_cy/external/cosmos/packages/cosmos3/.venv/lib/python3.13/site-packages/torch/distributed/c10d_logger.py:83: UserWarning: barrier(): using the device under current context. You can specify `device_id` in `init_process_group` to mute this warning.
  return func(*args, **kwargs)
/project/peilab/wam/cosmos3_cy/external/cosmos/packages/cosmos3/.venv/lib/python3.13/site-packages/torch/distributed/c10d_logger.py:83: UserWarning: barrier(): using the device under current context. You can specify `device_id` in `init_process_group` to mute this warning.
  return func(*args, **kwargs)
/project/peilab/wam/cosmos3_cy/external/cosmos/packages/cosmos3/.venv/lib/python3.13/site-packages/torch/distributed/c10d_logger.py:83: UserWarning: barrier(): using the device under current context. You can specify `device_id` in `init_process_group` to mute this warning.
  return func(*args, **kwargs)
/project/peilab/wam/cosmos3_cy/external/cosmos/packages/cosmos3/.venv/lib/python3.13/site-packages/torch/distributed/c10d_logger.py:83: UserWarning: barrier(): using the device under current context. You can specify `device_id` in `init_process_group` to mute this warning.
  return func(*args, **kwargs)
/project/peilab/wam/cosmos3_cy/external/cosmos/packages/cosmos3/.venv/lib/python3.13/site-packages/torch/distributed/c10d_logger.py:83: UserWarning: barrier(): using the device under current context. You can specify `device_id` in `init_process_group` to mute this warning.
  return func(*args, **kwargs)
/project/peilab/wam/cosmos3_cy/external/cosmos/packages/cosmos3/.venv/lib/python3.13/site-packages/torch/distributed/c10d_logger.py:83: UserWarning: barrier(): using the device under current context. You can specify `device_id` in `init_process_group` to mute this warning.
  return func(*args, **kwargs)
/project/peilab/wam/cosmos3_cy/external/cosmos/packages/cosmos3/.venv/lib/python3.13/site-packages/torch/distributed/c10d_logger.py:83: UserWarning: barrier(): using the device under current context. You can specify `device_id` in `init_process_group` to mute this warning.
  return func(*args, **kwargs)
/project/peilab/wam/cosmos3_cy/external/cosmos/packages/cosmos3/.venv/lib/python3.13/site-packages/torch/distributed/c10d_logger.py:83: UserWarning: barrier(): using the device under current context. You can specify `device_id` in `init_process_group` to mute this warning.
  return func(*args, **kwargs)
/project/peilab/wam/cosmos3_cy/external/cosmos/packages/cosmos3/.venv/lib/python3.13/site-packages/torch/distributed/c10d_logger.py:83: UserWarning: barrier(): using the device under current context. You can specify `device_id` in `init_process_group` to mute this warning.
  return func(*args, **kwargs)
/project/peilab/wam/cosmos3_cy/external/cosmos/packages/cosmos3/.venv/lib/python3.13/site-packages/torch/distributed/c10d_logger.py:83: UserWarning: barrier(): using the device under current context. You can specify `device_id` in `init_process_group` to mute this warning.
  return func(*args, **kwargs)
/project/peilab/wam/cosmos3_cy/external/cosmos/packages/cosmos3/.venv/lib/python3.13/site-packages/torch/distributed/c10d_logger.py:83: UserWarning: barrier(): using the device under current context. You can specify `device_id` in `init_process_group` to mute this warning.
  return func(*args, **kwargs)
/project/peilab/wam/cosmos3_cy/external/cosmos/packages/cosmos3/.venv/lib/python3.13/site-packages/torch/distributed/c10d_logger.py:83: UserWarning: barrier(): using the device under current context. You can specify `device_id` in `init_process_group` to mute this warning.
  return func(*args, **kwargs)
/project/peilab/wam/cosmos3_cy/external/cosmos/packages/cosmos3/.venv/lib/python3.13/site-packages/torch/distributed/c10d_logger.py:83: UserWarning: barrier(): using the device under current context. You can specify `device_id` in `init_process_group` to mute this warning.
  return func(*args, **kwargs)
/project/peilab/wam/cosmos3_cy/external/cosmos/packages/cosmos3/.venv/lib/python3.13/site-packages/torch/distributed/c10d_logger.py:83: UserWarning: barrier(): using the device under current context. You can specify `device_id` in `init_process_group` to mute this warning.
  return func(*args, **kwargs)
/project/peilab/wam/cosmos3_cy/external/cosmos/packages/cosmos3/.venv/lib/python3.13/site-packages/torch/distributed/c10d_logger.py:83: UserWarning: barrier(): using the device under current context. You can specify `device_id` in `init_process_group` to mute this warning.
  return func(*args, **kwargs)
/project/peilab/wam/cosmos3_cy/external/cosmos/packages/cosmos3/.venv/lib/python3.13/site-packages/torch/distributed/c10d_logger.py:83: UserWarning: barrier(): using the device under current context. You can specify `device_id` in `init_process_group` to mute this warning.
  return func(*args, **kwargs)
/project/peilab/wam/cosmos3_cy/external/cosmos/packages/cosmos3/.venv/lib/python3.13/site-packages/torch/distributed/c10d_logger.py:83: UserWarning: barrier(): using the device under current context. You can specify `device_id` in `init_process_group` to mute this warning.
  return func(*args, **kwargs)
/project/peilab/wam/cosmos3_cy/external/cosmos/packages/cosmos3/.venv/lib/python3.13/site-packages/torch/distributed/c10d_logger.py:83: UserWarning: barrier(): using the device under current context. You can specify `device_id` in `init_process_group` to mute this warning.
  return func(*args, **kwargs)
/project/peilab/wam/cosmos3_cy/external/cosmos/packages/cosmos3/.venv/lib/python3.13/site-packages/torch/distributed/c10d_logger.py:83: UserWarning: barrier(): using the device under current context. You can specify `device_id` in `init_process_group` to mute this warning.
  return func(*args, **kwargs)
/project/peilab/wam/cosmos3_cy/external/cosmos/packages/cosmos3/.venv/lib/python3.13/site-packages/torch/distributed/c10d_logger.py:83: UserWarning: barrier(): using the device under current context. You can specify `device_id` in `init_process_group` to mute this warning.
  return func(*args, **kwargs)
/project/peilab/wam/cosmos3_cy/external/cosmos/packages/cosmos3/.venv/lib/python3.13/site-packages/torch/distributed/c10d_logger.py:83: UserWarning: barrier(): using the device under current context. You can specify `device_id` in `init_process_group` to mute this warning.
  return func(*args, **kwargs)
/project/peilab/wam/cosmos3_cy/external/cosmos/packages/cosmos3/.venv/lib/python3.13/site-packages/torch/distributed/c10d_logger.py:83: UserWarning: barrier(): using the device under current context. You can specify `device_id` in `init_process_group` to mute this warning.
  return func(*args, **kwargs)
/project/peilab/wam/cosmos3_cy/external/cosmos/packages/cosmos3/.venv/lib/python3.13/site-packages/torch/distributed/c10d_logger.py:83: UserWarning: barrier(): using the device under current context. You can specify `device_id` in `init_process_group` to mute this warning.
  return func(*args, **kwargs)
/project/peilab/wam/cosmos3_cy/external/cosmos/packages/cosmos3/.venv/lib/python3.13/site-packages/torch/distributed/c10d_logger.py:83: UserWarning: barrier(): using the device under current context. You can specify `device_id` in `init_process_group` to mute this warning.
  return func(*args, **kwargs)
/project/peilab/wam/cosmos3_cy/external/cosmos/packages/cosmos3/.venv/lib/python3.13/site-packages/torch/distributed/c10d_logger.py:83: UserWarning: barrier(): using the device under current context. You can specify `device_id` in `init_process_group` to mute this warning.
  return func(*args, **kwargs)
/project/peilab/wam/cosmos3_cy/external/cosmos/packages/cosmos3/.venv/lib/python3.13/site-packages/torch/distributed/c10d_logger.py:83: UserWarning: barrier(): using the device under current context. You can specify `device_id` in `init_process_group` to mute this warning.
  return func(*args, **kwargs)
/project/peilab/wam/cosmos3_cy/external/cosmos/packages/cosmos3/.venv/lib/python3.13/site-packages/torch/distributed/c10d_logger.py:83: UserWarning: barrier(): using the device under current context. You can specify `device_id` in `init_process_group` to mute this warning.
  return func(*args, **kwargs)
/project/peilab/wam/cosmos3_cy/external/cosmos/packages/cosmos3/.venv/lib/python3.13/site-packages/torch/distributed/c10d_logger.py:83: UserWarning: barrier(): using the device under current context. You can specify `device_id` in `init_process_group` to mute this warning.
  return func(*args, **kwargs)
/project/peilab/wam/cosmos3_cy/external/cosmos/packages/cosmos3/.venv/lib/python3.13/site-packages/torch/distributed/c10d_logger.py:83: UserWarning: barrier(): using the device under current context. You can specify `device_id` in `init_process_group` to mute this warning.
  return func(*args, **kwargs)
/project/peilab/wam/cosmos3_cy/external/cosmos/packages/cosmos3/.venv/lib/python3.13/site-packages/torch/distributed/c10d_logger.py:83: UserWarning: barrier(): using the device under current context. You can specify `device_id` in `init_process_group` to mute this warning.
  return func(*args, **kwargs)
/project/peilab/wam/cosmos3_cy/external/cosmos/packages/cosmos3/.venv/lib/python3.13/site-packages/torch/distributed/c10d_logger.py:83: UserWarning: barrier(): using the device under current context. You can specify `device_id` in `init_process_group` to mute this warning.
  return func(*args, **kwargs)
/project/peilab/wam/cosmos3_cy/external/cosmos/packages/cosmos3/.venv/lib/python3.13/site-packages/torch/distributed/c10d_logger.py:83: UserWarning: barrier(): using the device under current context. You can specify `device_id` in `init_process_group` to mute this warning.
  return func(*args, **kwargs)
/project/peilab/wam/cosmos3_cy/external/cosmos/packages/cosmos3/.venv/lib/python3.13/site-packages/torch/distributed/c10d_logger.py:83: UserWarning: barrier(): using the device under current context. You can specify `device_id` in `init_process_group` to mute this warning.
  return func(*args, **kwargs)
/project/peilab/wam/cosmos3_cy/external/cosmos/packages/cosmos3/.venv/lib/python3.13/site-packages/torch/distributed/c10d_logger.py:83: UserWarning: barrier(): using the device under current context. You can specify `device_id` in `init_process_group` to mute this warning.
  return func(*args, **kwargs)
wandb: 
wandb: Run history:
wandb:                    DeviceMonitor/avg_clock ▅▂█▅▄▃▅▅▄▅█▅▅▅▄▅▅▅▅▄█▅▅▅▄▄█▅▅▅██▁▄▅█▅█▅█
wandb:               DeviceMonitor/avg_cpu_mem_gb ▁███████████████████████████████████████
wandb:     DeviceMonitor/avg_nvml_free_gpu_mem_gb █▇▇▇▇▇▇▇▇▇▇▁▁▁▁▁▁▁▁▁▁▁▁▁▁▁▁▁▁▁▁▁▁▁▁▁▁▁▁▁
wandb:     DeviceMonitor/avg_nvml_used_gpu_mem_gb ▁▂▂▂▂▂▂▂▂▂▂▂▂▂▆▆▆▆▆▆▆▆▆▆▆▆▆▆▆▆▆▆▆▆▆▆▆▆▆█
wandb:          DeviceMonitor/avg_peak_gpu_mem_gb ▁▁▁▁▁▁▁▁▁█▁▁▁▁▁▁▁▁▁▁▁▁▁▁▁▁▁▁▁▁▁▁▁▁▁▁▁▁▁▁
wandb: DeviceMonitor/avg_peak_gpu_mem_reserved_gb ▁▁▁▁▁▁▁▁▁▁██████████████████████████████
wandb:                    DeviceMonitor/avg_power ██▁██▁████████▁███▁█████▁█▁█████▁███████
wandb:                     DeviceMonitor/avg_temp █▇▇█▇▇▇▂▇█▇▁▇▇▇▇▇▇███▇██████▇▇▇█▁▇▇▁▇▂█▁
wandb:                     DeviceMonitor/avg_util ▆█▇▄▆▆▆▆▇▅█▄▅▆▂█▇▁▅▇▄▆▅▆▅▄▆▃▅▆▆▇▆▆▃▇▆██▆
wandb:                    DeviceMonitor/max_clock ▁█▁█▁█▁▁▁▁█▁▁▁▁█▁▁▁▁▁▁▁█▁▁▁▁▁▁▁▁▁▁▁▁▁▁▁█
wandb:                                     +1,924 ...
wandb: 
wandb: Run summary:
wandb:                    DeviceMonitor/avg_clock 1980
wandb:               DeviceMonitor/avg_cpu_mem_gb 42.97166
wandb:     DeviceMonitor/avg_nvml_free_gpu_mem_gb 1.32935
wandb:     DeviceMonitor/avg_nvml_used_gpu_mem_gb 78.31812
wandb:          DeviceMonitor/avg_peak_gpu_mem_gb 67.11019
wandb: DeviceMonitor/avg_peak_gpu_mem_reserved_gb 75.66162
wandb:                    DeviceMonitor/avg_power 120343.75
wandb:                     DeviceMonitor/avg_temp 29.25
wandb:                     DeviceMonitor/avg_util 75
wandb:                    DeviceMonitor/max_clock 1980
wandb:                                     +1,924 ...
wandb: 
wandb: You can sync this run to the cloud by running:
wandb: wandb sync /project/peilab/wam/cosmos3_cy/reports/cosmos3_piper14/cosmos3_action/battery_piper14/battery_piper14_cosmos3_nano_20000step_4gpu_b8_acc1_offline/wandb/offline-run-20260630_201716-sln7b3al
wandb: Find logs at: ./reports/cosmos3_piper14/cosmos3_action/battery_piper14/battery_piper14_cosmos3_nano_20000step_4gpu_b8_acc1_offline/wandb/offline-run-20260630_201716-sln7b3al/logs
