
*****************************************
Setting OMP_NUM_THREADS environment variable for each process to be 1 in default, to avoid your system being overloaded, please further tune the variable for optimal performance in your application as needed. 
*****************************************
2026-06-30 20:14:14.546 | DEBUG    | cosmos_framework.utils.config:_load_py_config:568 - get_config_module: took 0.50ms
2026-06-30 20:14:14.546 | DEBUG    | cosmos_framework.utils.config:_load_py_config:568 - get_config_module: took 0.50ms
2026-06-30 20:14:14.546 | DEBUG    | cosmos_framework.utils.config:_load_py_config:568 - get_config_module: took 0.04ms
2026-06-30 20:14:14.547 | DEBUG    | cosmos_framework.utils.config:_load_py_config:568 - get_config_module: took 0.04ms
2026-06-30 20:14:42.113 | DEBUG    | cosmos_framework.utils.config:_load_py_config:573 - importlib.import_module: took 27566.91ms
2026-06-30 20:14:42.113 | DEBUG    | cosmos_framework.utils.config:_load_py_config:573 - importlib.import_module: took 27566.98ms
2026-06-30 20:14:42.113 | DEBUG    | cosmos_framework.utils.config:_load_py_config:573 - importlib.import_module: took 27566.80ms
2026-06-30 20:14:42.113 | DEBUG    | cosmos_framework.utils.config:_load_py_config:573 - importlib.import_module: took 27567.04ms
2026-06-30 20:14:42.517 | DEBUG    | cosmos_framework.utils.config:_load_py_config:578 - override: took 403.20ms
2026-06-30 20:14:42.517 | DEBUG    | cosmos_framework.utils.config:load_config:553 - total time to load config: 27971.17ms
2026-06-30 20:14:42.517 | DEBUG    | cosmos_framework.utils.config:_load_py_config:578 - override: took 403.50ms
2026-06-30 20:14:42.517 | DEBUG    | cosmos_framework.utils.config:_load_py_config:578 - override: took 403.60ms
2026-06-30 20:14:42.517 | DEBUG    | cosmos_framework.utils.config:_load_py_config:578 - override: took 403.62ms
2026-06-30 20:14:42.517 | DEBUG    | cosmos_framework.utils.config:load_config:553 - total time to load config: 27970.72ms
2026-06-30 20:14:42.517 | DEBUG    | cosmos_framework.utils.config:load_config:553 - total time to load config: 27970.95ms
2026-06-30 20:14:42.517 | DEBUG    | cosmos_framework.utils.config:load_config:553 - total time to load config: 27971.51ms
Config is saved using pickle at /project/peilab/wam/cosmos3_cy/reports/cosmos3_piper14/cosmos3_action/battery_piper14/battery_piper14_cosmos3_nano_100step_4gpu_b8/config.pkl.
Config is saved using omegaconf at /project/peilab/wam/cosmos3_cy/reports/cosmos3_piper14/cosmos3_action/battery_piper14/battery_piper14_cosmos3_nano_100step_4gpu_b8/config.yaml.
/project/peilab/wam/cosmos3_cy/external/cosmos/packages/cosmos3/.venv/lib/python3.13/site-packages/torch/distributed/c10d_logger.py:83: UserWarning: barrier(): using the device under current context. You can specify `device_id` in `init_process_group` to mute this warning.
  return func(*args, **kwargs)
[rank3]:W0630 20:14:51.947000 1478824 external/cosmos/packages/cosmos3/.venv/lib/python3.13/site-packages/torch/distributed/tensor/_random.py:215] DTensor is synchronizing RNG states of every rank with the state from rank 0. This behavior is deprecated. Please call `torch.manual_seed()` on every rank that participates in SPMD DTensor Operations with the same seed. If using Pipeline Parallelism, each pipeling state would use a different seed, but all ranks belonging to one pipeline stage would use the same seed.
[rank2]:W0630 20:14:51.947000 1478823 external/cosmos/packages/cosmos3/.venv/lib/python3.13/site-packages/torch/distributed/tensor/_random.py:215] DTensor is synchronizing RNG states of every rank with the state from rank 0. This behavior is deprecated. Please call `torch.manual_seed()` on every rank that participates in SPMD DTensor Operations with the same seed. If using Pipeline Parallelism, each pipeling state would use a different seed, but all ranks belonging to one pipeline stage would use the same seed.
[rank1]:W0630 20:14:51.947000 1478822 external/cosmos/packages/cosmos3/.venv/lib/python3.13/site-packages/torch/distributed/tensor/_random.py:215] DTensor is synchronizing RNG states of every rank with the state from rank 0. This behavior is deprecated. Please call `torch.manual_seed()` on every rank that participates in SPMD DTensor Operations with the same seed. If using Pipeline Parallelism, each pipeling state would use a different seed, but all ranks belonging to one pipeline stage would use the same seed.
/project/peilab/wam/cosmos3_cy/external/cosmos/packages/cosmos3/.venv/lib/python3.13/site-packages/torch/distributed/c10d_logger.py:83: UserWarning: barrier(): using the device under current context. You can specify `device_id` in `init_process_group` to mute this warning.
  return func(*args, **kwargs)
slurmstepd: error: *** JOB 462558 ON dgx-52 CANCELLED AT 2026-06-30T20:15:35 ***
